<?xml version="1.0" encoding="UTF-8"?>
<testng-results ignored="0" total="1" passed="1" failed="0" skipped="0">
  <reporter-output>
  </reporter-output>
  <suite started-at="2026-01-03T14:52:02 IST" name="Default suite" finished-at="2026-01-03T14:55:20 IST" duration-ms="198539">
    <groups>
    </groups>
    <test started-at="2026-01-03T14:52:02 IST" name="Default test" finished-at="2026-01-03T14:55:20 IST" duration-ms="198539">
      <class name="TestCases.TestData">
        <test-method signature="runCompleteFlow()[pri:0, instance:TestCases.TestData@2ea41516]" started-at="2026-01-03T14:52:02 IST" name="runCompleteFlow" finished-at="2026-01-03T14:55:20 IST" duration-ms="198113" status="PASS">
          <reporter-output>
          </reporter-output>
        </test-method> <!-- runCompleteFlow -->
        <test-method is-config="true" signature="flushReport()[pri:0, instance:TestCases.TestData@2ea41516]" started-at="2026-01-03T14:55:20 IST" name="flushReport" finished-at="2026-01-03T14:55:20 IST" duration-ms="368" status="PASS">
          <reporter-output>
          </reporter-output>
        </test-method> <!-- flushReport -->
      </class> <!-- TestCases.TestData -->
    </test> <!-- Default test -->
  </suite> <!-- Default suite -->
</testng-results>
